<?xml version="1.0" encoding="UTF-8"?>
<Site BuildName="(empty)"
	BuildStamp="20260423-0348-Experimental"
	Name="fog"
	Generator="ctest-3.22.1"
	CompilerName="/usr/bin/g++"
	CompilerVersion="11.4.0"
	OSName="Linux"
	Hostname="fog"
	OSRelease="6.8.0-110-generic"
	OSVersion="#110~22.04.1-Ubuntu SMP PREEMPT_DYNAMIC Fri Mar 27 12:43:08 UTC "
	OSPlatform="x86_64"
	Is64Bits="1"
	VendorString="GenuineIntel"
	VendorID="Intel Corporation"
	FamilyID="6"
	ModelID="183"
	ProcessorCacheSize="36864"
	NumberOfLogicalCPU="16"
	NumberOfPhysicalCPU="16"
	TotalVirtualMemory="3897"
	TotalPhysicalMemory="3868"
	LogicalProcessorsPerPhysical="1"
	ProcessorClockFrequency="2419.2"
	>
	<Testing>
		<StartDateTime>Apr 23 00:58 EDT</StartDateTime>
		<StartTestTime>1776920283</StartTestTime>
		<TestList/>
		<EndDateTime>Apr 23 00:58 EDT</EndDateTime>
		<EndTestTime>1776920283</EndTestTime>
		<ElapsedMinutes>0</ElapsedMinutes>
	</Testing>
</Site>
