<?xml version="1.0" encoding="UTF-8"?>
<Site BuildName="(empty)"
	BuildStamp="20260421-0921-Experimental"
	Name="fog"
	Generator="ctest-3.22.1"
	CompilerName="/usr/bin/g++"
	CompilerVersion="11.4.0"
	OSName="Linux"
	Hostname="fog"
	OSRelease="6.8.0-107-generic"
	OSVersion="#107~22.04.1-Ubuntu SMP PREEMPT_DYNAMIC Wed Mar 18 23:40:43 UTC "
	OSPlatform="x86_64"
	Is64Bits="1"
	VendorString="GenuineIntel"
	VendorID="Intel Corporation"
	FamilyID="6"
	ModelID="183"
	ProcessorCacheSize="36864"
	NumberOfLogicalCPU="16"
	NumberOfPhysicalCPU="16"
	TotalVirtualMemory="3897"
	TotalPhysicalMemory="3868"
	LogicalProcessorsPerPhysical="1"
	ProcessorClockFrequency="2419.16"
	>
	<Testing>
		<StartDateTime>Apr 21 19:44 EDT</StartDateTime>
		<StartTestTime>1776815044</StartTestTime>
		<TestList/>
		<EndDateTime>Apr 21 19:44 EDT</EndDateTime>
		<EndTestTime>1776815044</EndTestTime>
		<ElapsedMinutes>0</ElapsedMinutes>
	</Testing>
</Site>
